0.8584517240524292
0.9957459568977356
0.9946038126945496
0.9957459568977356
0.9957459568977356
0.008030904456973076
0.018340924754738808
0.9843187928199768
0.018340924754738808
0.012232543900609016
0.052720993757247925
0.9680827260017395
0.014242220669984818
0.9844399690628052
0.9355003237724304
0.8299674391746521
0.9627482891082764
0.03341679275035858
0.9947846531867981
0.9898862838745117
0.03234237805008888
0.9957459568977356
0.012232543900609016
0.9471670985221863
0.006554020568728447
0.022413944825530052
0.006554020568728447
0.010022631846368313
0.8084496855735779
0.006554020568728447
0.018649987876415253
0.9947846531867981
0.019273292273283005
0.015532474964857101
0.4788760542869568
0.015190888196229935
0.259380578994751
0.053277116268873215
0.008150395005941391
0.09947939217090607
0.9933417439460754
0.012232543900609016
0.9917429089546204
0.03234237805008888
0.012232543900609016
0.09947939217090607
0.06697006523609161
0.04104398936033249
0.02281879261136055
0.015532474964857101
0.9805430769920349
0.009990760125219822
0.3297036588191986
0.052720993757247925
0.018340924754738808
0.9934377074241638
0.9898862838745117
0.9957459568977356
